{"numFailedTestSuites":0,"numFailedTests":0,"numPassedTestSuites":14,"numPassedTests":37,"numPendingTestSuites":0,"numPendingTests":0,"numRuntimeErrorTestSuites":0,"numTodoTests":0,"numTotalTestSuites":14,"numTotalTests":37,"openHandles":[],"snapshot":{"added":0,"didUpdate":false,"failure":false,"filesAdded":0,"filesRemoved":0,"filesRemovedList":[],"filesUnmatched":0,"filesUpdated":0,"matched":0,"total":0,"unchecked":0,"uncheckedKeysByFile":[],"unmatched":0,"updated":0},"startTime":1778765097959,"success":true,"testResults":[{"assertionResults":[{"ancestorTitles":["catalog and pricing routes"],"duration":162,"failing":false,"failureDetails":[],"failureMessages":[],"fullName":"catalog and pricing routes returns role-aware server-computed prices with pricing precedence","invocations":1,"location":null,"numPassingAsserts":14,"retryReasons":[],"startAt":1778765100294,"status":"passed","title":"returns role-aware server-computed prices with pricing precedence"},{"ancestorTitles":["catalog and pricing routes"],"duration":15,"failing":false,"failureDetails":[],"failureMessages":[],"fullName":"catalog and pricing routes exposes inactive and missing product paths for ordering","invocations":1,"location":null,"numPassingAsserts":6,"retryReasons":[],"startAt":1778765100457,"status":"passed","title":"exposes inactive and missing product paths for ordering"},{"ancestorTitles":["catalog and pricing routes"],"duration":55,"failing":false,"failureDetails":[],"failureMessages":[],"fullName":"catalog and pricing routes protects admin management and rejects client-submitted prices","invocations":1,"location":null,"numPassingAsserts":12,"retryReasons":[],"startAt":1778765100472,"status":"passed","title":"protects admin management and rejects client-submitted prices"}],"endTime":1778765100529,"message":"","name":"D:\\coding\\1.PPOB PAYMENT\\backend\\src\\modules\\catalog\\catalog.router.test.ts","startTime":1778765098344,"status":"passed","summary":""},{"assertionResults":[{"ancestorTitles":["full lifecycle regression suite"],"duration":53,"failing":false,"failureDetails":[],"failureMessages":[],"fullName":"full lifecycle regression suite runs local guest order through payment, fulfillment callback, and invoice status","invocations":1,"location":null,"numPassingAsserts":11,"retryReasons":[],"startAt":1778765100699,"status":"passed","title":"runs local guest order through payment, fulfillment callback, and invoice status"},{"ancestorTitles":["full lifecycle regression suite"],"duration":50,"failing":false,"failureDetails":[],"failureMessages":[],"fullName":"full lifecycle regression suite keeps payment, fulfillment, and invoice flows compatible for seller-priced catalog orders","invocations":1,"location":null,"numPassingAsserts":12,"retryReasons":[],"startAt":1778765100752,"status":"passed","title":"keeps payment, fulfillment, and invoice flows compatible for seller-priced catalog orders"},{"ancestorTitles":["full lifecycle regression suite"],"duration":30,"failing":false,"failureDetails":[],"failureMessages":[],"fullName":"full lifecycle regression suite keeps Midtrans replay idempotent and rejects invalid signatures without mutation","invocations":1,"location":null,"numPassingAsserts":10,"retryReasons":[],"startAt":1778765100802,"status":"passed","title":"keeps Midtrans replay idempotent and rejects invalid signatures without mutation"},{"ancestorTitles":["full lifecycle regression suite"],"duration":5,"failing":false,"failureDetails":[],"failureMessages":[],"fullName":"full lifecycle regression suite uses reconciliation for out-of-order success and denies illegal terminal regression","invocations":1,"location":null,"numPassingAsserts":3,"retryReasons":[],"startAt":1778765100832,"status":"passed","title":"uses reconciliation for out-of-order success and denies illegal terminal regression"}],"endTime":1778765100838,"message":"","name":"D:\\coding\\1.PPOB PAYMENT\\backend\\src\\modules\\regression\\lifecycle.regression.test.ts","startTime":1778765100540,"status":"passed","summary":""},{"assertionResults":[{"ancestorTitles":["dashboard history and monitoring routes"],"duration":52,"failing":false,"failureDetails":[],"failureMessages":[],"fullName":"dashboard history and monitoring routes returns authenticated member transaction history and empty history for other members","invocations":1,"location":null,"numPassingAsserts":7,"retryReasons":[],"startAt":1778765100982,"status":"passed","title":"returns authenticated member transaction history and empty history for other members"},{"ancestorTitles":["dashboard history and monitoring routes"],"duration":31,"failing":false,"failureDetails":[],"failureMessages":[],"fullName":"dashboard history and monitoring routes keeps admin monitoring read-only and protected by admin role","invocations":1,"location":null,"numPassingAsserts":7,"retryReasons":[],"startAt":1778765101034,"status":"passed","title":"keeps admin monitoring read-only and protected by admin role"}],"endTime":1778765101065,"message":"","name":"D:\\coding\\1.PPOB PAYMENT\\backend\\src\\modules\\dashboard\\dashboard.router.test.ts","startTime":1778765100851,"status":"passed","summary":""},{"assertionResults":[{"ancestorTitles":["admin RBAC routes"],"duration":70,"failing":false,"failureDetails":[],"failureMessages":[],"fullName":"admin RBAC routes returns 401 without token, 403 for wrong role, and lets admins manage reseller status","invocations":1,"location":null,"numPassingAsserts":18,"retryReasons":[],"startAt":1778765101196,"status":"passed","title":"returns 401 without token, 403 for wrong role, and lets admins manage reseller status"}],"endTime":1778765101267,"message":"","name":"D:\\coding\\1.PPOB PAYMENT\\backend\\src\\modules\\admin\\admin.router.test.ts","startTime":1778765101070,"status":"passed","summary":""},{"assertionResults":[{"ancestorTitles":["digiflazz fulfillment routes"],"duration":19,"failing":false,"failureDetails":[],"failureMessages":[],"fullName":"digiflazz fulfillment routes triggers fulfillment only after order is paid","invocations":1,"location":null,"numPassingAsserts":3,"retryReasons":[],"startAt":1778765101387,"status":"passed","title":"triggers fulfillment only after order is paid"},{"ancestorTitles":["digiflazz fulfillment routes"],"duration":33,"failing":false,"failureDetails":[],"failureMessages":[],"fullName":"digiflazz fulfillment routes processes Digiflazz success callback and records provider reference","invocations":1,"location":null,"numPassingAsserts":7,"retryReasons":[],"startAt":1778765101407,"status":"passed","title":"processes Digiflazz success callback and records provider reference"},{"ancestorTitles":["digiflazz fulfillment routes"],"duration":9,"failing":false,"failureDetails":[],"failureMessages":[],"fullName":"digiflazz fulfillment routes uses controlled mock fallback outside production when credentials are missing","invocations":1,"location":null,"numPassingAsserts":4,"retryReasons":[],"startAt":1778765101441,"status":"passed","title":"uses controlled mock fallback outside production when credentials are missing"},{"ancestorTitles":["digiflazz fulfillment routes"],"duration":8,"failing":false,"failureDetails":[],"failureMessages":[],"fullName":"digiflazz fulfillment routes does not silently use mock fallback in production","invocations":1,"location":null,"numPassingAsserts":4,"retryReasons":[],"startAt":1778765101451,"status":"passed","title":"does not silently use mock fallback in production"}],"endTime":1778765101460,"message":"","name":"D:\\coding\\1.PPOB PAYMENT\\backend\\src\\modules\\fulfillment\\fulfillment.router.test.ts","startTime":1778765101271,"status":"passed","summary":""},{"assertionResults":[{"ancestorTitles":["auth routes"],"duration":107,"failing":false,"failureDetails":[],"failureMessages":[],"fullName":"auth routes registers pengguna users, logs in, and returns current user on both mounts","invocations":1,"location":null,"numPassingAsserts":14,"retryReasons":[],"startAt":1778765101608,"status":"passed","title":"registers pengguna users, logs in, and returns current user on both mounts"},{"ancestorTitles":["auth routes"],"duration":45,"failing":false,"failureDetails":[],"failureMessages":[],"fullName":"auth routes uses generic login failures and rejects missing or invalid bearer tokens","invocations":1,"location":null,"numPassingAsserts":6,"retryReasons":[],"startAt":1778765101716,"status":"passed","title":"uses generic login failures and rejects missing or invalid bearer tokens"}],"endTime":1778765101762,"message":"","name":"D:\\coding\\1.PPOB PAYMENT\\backend\\src\\modules\\auth\\auth.router.test.ts","startTime":1778765101464,"status":"passed","summary":""},{"assertionResults":[{"ancestorTitles":["POST /api/orders"],"duration":19,"failing":false,"failureDetails":[],"failureMessages":[],"fullName":"POST /api/orders returns order_id, invoice_code, and pending_payment for valid legacy guest payload","invocations":1,"location":null,"numPassingAsserts":7,"retryReasons":[],"startAt":1778765101907,"status":"passed","title":"returns order_id, invoice_code, and pending_payment for valid legacy guest payload"},{"ancestorTitles":["POST /api/orders"],"duration":7,"failing":false,"failureDetails":[],"failureMessages":[],"fullName":"POST /api/orders applies pengguna pricing snapshots for guest product-priced orders and ignores tampered amount","invocations":1,"location":null,"numPassingAsserts":2,"retryReasons":[],"startAt":1778765101926,"status":"passed","title":"applies pengguna pricing snapshots for guest product-priced orders and ignores tampered amount"},{"ancestorTitles":["POST /api/orders"],"duration":19,"failing":false,"failureDetails":[],"failureMessages":[],"fullName":"POST /api/orders stores authenticated seller snapshots and ignores client price tampering","invocations":1,"location":null,"numPassingAsserts":3,"retryReasons":[],"startAt":1778765101933,"status":"passed","title":"stores authenticated seller snapshots and ignores client price tampering"},{"ancestorTitles":["POST /api/orders"],"duration":8,"failing":false,"failureDetails":[],"failureMessages":[],"fullName":"POST /api/orders returns unauthorized when a provided bearer token is invalid","invocations":1,"location":null,"numPassingAsserts":2,"retryReasons":[],"startAt":1778765101952,"status":"passed","title":"returns unauthorized when a provided bearer token is invalid"},{"ancestorTitles":["POST /api/orders"],"duration":5,"failing":false,"failureDetails":[],"failureMessages":[],"fullName":"POST /api/orders rejects inactive catalog products on the product-priced path","invocations":1,"location":null,"numPassingAsserts":2,"retryReasons":[],"startAt":1778765101960,"status":"passed","title":"rejects inactive catalog products on the product-priced path"},{"ancestorTitles":["POST /api/orders"],"duration":8,"failing":false,"failureDetails":[],"failureMessages":[],"fullName":"POST /api/orders returns stable validation error for invalid payload","invocations":1,"location":null,"numPassingAsserts":2,"retryReasons":[],"startAt":1778765101965,"status":"passed","title":"returns stable validation error for invalid payload"}],"endTime":1778765101973,"message":"","name":"D:\\coding\\1.PPOB PAYMENT\\backend\\src\\modules\\order\\order.router.test.ts","startTime":1778765101767,"status":"passed","summary":""},{"assertionResults":[{"ancestorTitles":["midtrans payment routes"],"duration":25,"failing":false,"failureDetails":[],"failureMessages":[],"fullName":"midtrans payment routes initializes midtrans payment for pending_payment order","invocations":1,"location":null,"numPassingAsserts":2,"retryReasons":[],"startAt":1778765102094,"status":"passed","title":"initializes midtrans payment for pending_payment order"},{"ancestorTitles":["midtrans payment routes"],"duration":10,"failing":false,"failureDetails":[],"failureMessages":[],"fullName":"midtrans payment routes processes webhook once and ignores replay by event key","invocations":1,"location":null,"numPassingAsserts":10,"retryReasons":[],"startAt":1778765102120,"status":"passed","title":"processes webhook once and ignores replay by event key"},{"ancestorTitles":["midtrans payment routes"],"duration":7,"failing":false,"failureDetails":[],"failureMessages":[],"fullName":"midtrans payment routes rejects webhook with invalid signature before any mutation","invocations":1,"location":null,"numPassingAsserts":7,"retryReasons":[],"startAt":1778765102130,"status":"passed","title":"rejects webhook with invalid signature before any mutation"},{"ancestorTitles":["midtrans payment routes"],"duration":10,"failing":false,"failureDetails":[],"failureMessages":[],"fullName":"midtrans payment routes rate limits sensitive payment endpoints and records a sanitized audit event","invocations":1,"location":null,"numPassingAsserts":4,"retryReasons":[],"startAt":1778765102137,"status":"passed","title":"rate limits sensitive payment endpoints and records a sanitized audit event"}],"endTime":1778765102148,"message":"","name":"D:\\coding\\1.PPOB PAYMENT\\backend\\src\\modules\\payment\\payment.router.test.ts","startTime":1778765101979,"status":"passed","summary":""},{"assertionResults":[{"ancestorTitles":["GET /api/invoices/:invoiceCode/status"],"duration":8,"failing":false,"failureDetails":[],"failureMessages":[],"fullName":"GET /api/invoices/:invoiceCode/status returns a single guest-safe invoice status with timeline and summaries","invocations":1,"location":null,"numPassingAsserts":4,"retryReasons":[],"startAt":1778765102258,"status":"passed","title":"returns a single guest-safe invoice status with timeline and summaries"},{"ancestorTitles":["GET /api/invoices/:invoiceCode/status"],"duration":7,"failing":false,"failureDetails":[],"failureMessages":[],"fullName":"GET /api/invoices/:invoiceCode/status returns a safe not-found response for an invalid invoice","invocations":1,"location":null,"numPassingAsserts":2,"retryReasons":[],"startAt":1778765102266,"status":"passed","title":"returns a safe not-found response for an invalid invoice"},{"ancestorTitles":["GET /api/invoices/:invoiceCode/status"],"duration":9,"failing":false,"failureDetails":[],"failureMessages":[],"fullName":"GET /api/invoices/:invoiceCode/status does not expose unrestricted invoice or order listing","invocations":1,"location":null,"numPassingAsserts":2,"retryReasons":[],"startAt":1778765102273,"status":"passed","title":"does not expose unrestricted invoice or order listing"}],"endTime":1778765102282,"message":"","name":"D:\\coding\\1.PPOB PAYMENT\\backend\\src\\modules\\invoice-status\\invoice-status.router.test.ts","startTime":1778765102152,"status":"passed","summary":""},{"assertionResults":[{"ancestorTitles":["account RBAC routes"],"duration":48,"failing":false,"failureDetails":[],"failureMessages":[],"fullName":"account RBAC routes requires JWTs, enforces ownership, and prevents reseller role escalation","invocations":1,"location":null,"numPassingAsserts":12,"retryReasons":[],"startAt":1778765102393,"status":"passed","title":"requires JWTs, enforces ownership, and prevents reseller role escalation"}],"endTime":1778765102442,"message":"","name":"D:\\coding\\1.PPOB PAYMENT\\backend\\src\\modules\\account\\account.router.test.ts","startTime":1778765102288,"status":"passed","summary":""},{"assertionResults":[{"ancestorTitles":["RBAC public route regressions"],"duration":50,"failing":false,"failureDetails":[],"failureMessages":[],"fullName":"RBAC public route regressions keeps guest order, invoice, payment webhook, and fulfillment callback routes public","invocations":1,"location":null,"numPassingAsserts":9,"retryReasons":[],"startAt":1778765102564,"status":"passed","title":"keeps guest order, invoice, payment webhook, and fulfillment callback routes public"}],"endTime":1778765102614,"message":"","name":"D:\\coding\\1.PPOB PAYMENT\\backend\\src\\modules\\regression\\rbac-public-routes.regression.test.ts","startTime":1778765102446,"status":"passed","summary":""},{"assertionResults":[{"ancestorTitles":["GET /health"],"duration":8,"failing":false,"failureDetails":[],"failureMessages":[],"fullName":"GET /health returns 200 and status ok","invocations":1,"location":null,"numPassingAsserts":3,"retryReasons":[],"startAt":1778765102724,"status":"passed","title":"returns 200 and status ok"}],"endTime":1778765102732,"message":"","name":"D:\\coding\\1.PPOB PAYMENT\\backend\\src\\routes\\health.test.ts","startTime":1778765102619,"status":"passed","summary":""},{"assertionResults":[{"ancestorTitles":["order transition engine"],"duration":2,"failing":false,"failureDetails":[],"failureMessages":[],"fullName":"order transition engine rejects backward transitions","invocations":1,"location":null,"numPassingAsserts":1,"retryReasons":[],"startAt":1778765102769,"status":"passed","title":"rejects backward transitions"},{"ancestorTitles":["order transition engine"],"duration":1,"failing":false,"failureDetails":[],"failureMessages":[],"fullName":"order transition engine persists status history for create and valid transitions","invocations":1,"location":null,"numPassingAsserts":2,"retryReasons":[],"startAt":1778765102771,"status":"passed","title":"persists status history for create and valid transitions"}],"endTime":1778765102772,"message":"","name":"D:\\coding\\1.PPOB PAYMENT\\backend\\src\\modules\\order\\order.service.test.ts","startTime":1778765102738,"status":"passed","summary":""},{"assertionResults":[{"ancestorTitles":["reconcile service"],"duration":1,"failing":false,"failureDetails":[],"failureMessages":[],"fullName":"reconcile service converges paid payment with pending order through the transition service","invocations":1,"location":null,"numPassingAsserts":3,"retryReasons":[],"startAt":1778765102814,"status":"passed","title":"converges paid payment with pending order through the transition service"},{"ancestorTitles":["reconcile service"],"duration":0,"failing":false,"failureDetails":[],"failureMessages":[],"fullName":"reconcile service walks successful fulfillment through allowed intermediate order states","invocations":1,"location":null,"numPassingAsserts":2,"retryReasons":[],"startAt":1778765102816,"status":"passed","title":"walks successful fulfillment through allowed intermediate order states"},{"ancestorTitles":["reconcile service"],"duration":1,"failing":false,"failureDetails":[],"failureMessages":[],"fullName":"reconcile service denies illegal terminal regression and leaves order state unchanged","invocations":1,"location":null,"numPassingAsserts":2,"retryReasons":[],"startAt":1778765102817,"status":"passed","title":"denies illegal terminal regression and leaves order state unchanged"}],"endTime":1778765102819,"message":"","name":"D:\\coding\\1.PPOB PAYMENT\\backend\\src\\modules\\reconcile\\reconcile.service.test.ts","startTime":1778765102777,"status":"passed","summary":""}],"wasInterrupted":false}
